-------------------------------------------------------------------------------
Test set: runners.AllTestsRunner
-------------------------------------------------------------------------------
Tests run: 1, Failures: 1, Errors: 0, Skipped: 0, Time elapsed: 17.89 s <<< FAILURE! -- in runners.AllTestsRunner
runners.AllTestsRunner.runAll -- Time elapsed: 17.89 s <<< FAILURE!
org.opentest4j.AssertionFailedError: 
status code was: 400, expected: 200, response time in milliseconds: 193, url: http://mpay-uat.okdollar.org/qr-pay/ri/v1/iso20022/callback, response: 
<FPEnvelope
        xmlns:head="urn:iso:std:iso:20022:tech:xsd:head.001.001.03"
        xmlns:pacs="urn:iso:std:iso:20022:tech:xsd:pacs.002.001.13">
    <head:AppHdr>
        <head:Fr>
            <head:FIId>
                <head:FinInstnId>
                    <head:Othr>
                        <head:Id>7008</head:Id>
                    </head:Othr>
                </head:FinInstnId>
            </head:FIId>
        </head:Fr>
        <head:To>
            <head:FIId>
                <head:FinInstnId>
                    <head:Othr>
                        <head:Id>7001</head:Id>
                    </head:Othr>
                </head:FinInstnId>
            </head:FIId>
        </head:To>
        <head:BizMsgIdr>17780606942475585653</head:BizMsgIdr>
        <head:MsgDefIdr>pacs.002.001.13</head:MsgDefIdr>
        <head:CreDt>2026-05-06T16:14:54+06:30</head:CreDt>
    </head:AppHdr>
    <pacs:Document>
        <pacs:FIToFIPmtStsRpt>
            <pacs:GrpHdr>
                <pacs:MsgId>17780606942472490299</pacs:MsgId>
                <pacs:CreDtTm>2026-05-06T16:14:54+06:30</pacs:CreDtTm>
                <pacs:InstgAgt>
                    <pacs:FinInstnId>
                        <pacs:Othr>
                            <pacs:Id>7008</pacs:Id>
                        </pacs:Othr>
                    </pacs:FinInstnId>
                </pacs:InstgAgt>
                <pacs:InstdAgt>
                    <pacs:FinInstnId>
                        <pacs:Othr>
                            <pacs:Id>7001</pacs:Id>
                        </pacs:Othr>
                    </pacs:FinInstnId>
                </pacs:InstdAgt>
            </pacs:GrpHdr>
            <pacs:TxInfAndSts>
                <pacs:OrgnlGrpInf>
                    <pacs:OrgnlMsgId>BizMsgIdr20260506161454</pacs:OrgnlMsgId>
                    <pacs:OrgnlMsgNmId>pacs.002.001.13</pacs:OrgnlMsgNmId>
                </pacs:OrgnlGrpInf>
                <pacs:OrgnlEndToEndId>EndToEndId20260506161451</pacs:OrgnlEndToEndId>
                <pacs:OrgnlTxId>EndToEndId20260506161451</pacs:OrgnlTxId>
                <pacs:TxSts>RJCT</pacs:TxSts>
                <pacs:StsRsnInf>
    <pacs:Orgtr>
        <pacs:Id>
            <pacs:OrgId>
                <pacs:Othr>
                    <pacs:Id>BIC</pacs:Id>
                </pacs:Othr>
            </pacs:OrgId>
        </pacs:Id>
    </pacs:Orgtr>
    <pacs:Rsn>
        <pacs:Prtry>MWIF</pacs:Prtry>
    </pacs:Rsn>
    <pacs:AddtlInf>cvc-minLength-valid: Value 'ACSC' with length = '4' is not facet-valid with respect to minLength '1' for type 'Max34Text'.cvc-type.3.1.3: The value 'ACSC' of element 'Document.FIToFIPmtStsRpt.TxInfAndSts.TxSts' is not valid.</pacs:AddtlInf>
</pacs:StsRsnInf>

                <pacs:AccptncDtTm>2026-05-06T16:14:54+06:30</pacs:AccptncDtTm>
                <pacs:ClrSysRef>EndToEndId20260506161451</pacs:ClrSysRef>
                <pacs:OrgnlTxRef>
                    <pacs:IntrBkSttlmAmt Ccy="MMK">102.00</pacs:IntrBkSttlmAmt>
                    <pacs:Amt>
                        <pacs:InstdAmt Ccy="MMK">102.00</pacs:InstdAmt>
                    </pacs:Amt>
                    <pacs:Dbtr>
                        <pacs:Pty>
                            <pacs:Nm> Sai Nwet</pacs:Nm>
                            <pacs:PstlAdr>
                                <pacs:AdrLine>N.A</pacs:AdrLine>
                            </pacs:PstlAdr>
                        </pacs:Pty>
                    </pacs:Dbtr>
                    <pacs:DbtrAcct>
                        <pacs:Id>
                            <pacs:Othr>
                                <pacs:Id>2234409999999326</pacs:Id>
                                <pacs:SchmeNm>
                                    <pacs:Prtry>TOKN</pacs:Prtry>
                                </pacs:SchmeNm>
                            </pacs:Othr>
                        </pacs:Id>
                    </pacs:DbtrAcct>
                    <pacs:Cdtr>
                        <pacs:Pty>
                            <pacs:Nm>BUSINESS MAGNET</pacs:Nm>
                        </pacs:Pty>
                    </pacs:Cdtr>
                    <pacs:CdtrAcct>
                        <pacs:Id>
                            <pacs:Othr>
                                <pacs:Id>2237036522955371342522</pacs:Id>
                                <pacs:SchmeNm>
                                    <pacs:Prtry>MRCT</pacs:Prtry>
                                </pacs:SchmeNm>
                            </pacs:Othr>
                        </pacs:Id>
                    </pacs:CdtrAcct>
                </pacs:OrgnlTxRef>
            </pacs:TxInfAndSts>
        </pacs:FIToFIPmtStsRpt>
    </pacs:Document>
</FPEnvelope>
classpath:features/payments/pacs2.feature:41
classpath:features/payments/payment.feature:17 ==> expected: <0> but was: <1>
	at org.junit.jupiter.api.AssertionFailureBuilder.build(AssertionFailureBuilder.java:151)
	at org.junit.jupiter.api.AssertionFailureBuilder.buildAndThrow(AssertionFailureBuilder.java:132)
	at org.junit.jupiter.api.AssertEquals.failNotEqual(AssertEquals.java:197)
	at org.junit.jupiter.api.AssertEquals.assertEquals(AssertEquals.java:150)
	at org.junit.jupiter.api.Assertions.assertEquals(Assertions.java:560)
	at runners.AllTestsRunner.runAll(AllTestsRunner.java:32)
	at java.base/jdk.internal.reflect.NativeMethodAccessorImpl.invoke0(Native Method)
	at java.base/jdk.internal.reflect.NativeMethodAccessorImpl.invoke(NativeMethodAccessorImpl.java:77)
	at java.base/jdk.internal.reflect.DelegatingMethodAccessorImpl.invoke(DelegatingMethodAccessorImpl.java:43)
	at java.base/java.lang.reflect.Method.invoke(Method.java:569)
	at org.junit.platform.commons.util.ReflectionUtils.invokeMethod(ReflectionUtils.java:727)
	at org.junit.jupiter.engine.execution.MethodInvocation.proceed(MethodInvocation.java:60)
	at org.junit.jupiter.engine.execution.InvocationInterceptorChain$ValidatingInvocation.proceed(InvocationInterceptorChain.java:131)
	at org.junit.jupiter.engine.extension.TimeoutExtension.intercept(TimeoutExtension.java:156)
	at org.junit.jupiter.engine.extension.TimeoutExtension.interceptTestableMethod(TimeoutExtension.java:147)
	at org.junit.jupiter.engine.extension.TimeoutExtension.interceptTestMethod(TimeoutExtension.java:86)
	at org.junit.jupiter.engine.execution.InterceptingExecutableInvoker$ReflectiveInterceptorCall.lambda$ofVoidMethod$0(InterceptingExecutableInvoker.java:103)
	at org.junit.jupiter.engine.execution.InterceptingExecutableInvoker.lambda$invoke$0(InterceptingExecutableInvoker.java:93)
	at org.junit.jupiter.engine.execution.InvocationInterceptorChain$InterceptedInvocation.proceed(InvocationInterceptorChain.java:106)
	at org.junit.jupiter.engine.execution.InvocationInterceptorChain.proceed(InvocationInterceptorChain.java:64)
	at org.junit.jupiter.engine.execution.InvocationInterceptorChain.chainAndInvoke(InvocationInterceptorChain.java:45)
	at org.junit.jupiter.engine.execution.InvocationInterceptorChain.invoke(InvocationInterceptorChain.java:37)
	at org.junit.jupiter.engine.execution.InterceptingExecutableInvoker.invoke(InterceptingExecutableInvoker.java:92)
	at org.junit.jupiter.engine.execution.InterceptingExecutableInvoker.invoke(InterceptingExecutableInvoker.java:86)
	at org.junit.jupiter.engine.descriptor.TestMethodTestDescriptor.lambda$invokeTestMethod$7(TestMethodTestDescriptor.java:217)
	at org.junit.platform.engine.support.hierarchical.ThrowableCollector.execute(ThrowableCollector.java:73)
	at org.junit.jupiter.engine.descriptor.TestMethodTestDescriptor.invokeTestMethod(TestMethodTestDescriptor.java:213)
	at org.junit.jupiter.engine.descriptor.TestMethodTestDescriptor.execute(TestMethodTestDescriptor.java:138)
	at org.junit.jupiter.engine.descriptor.TestMethodTestDescriptor.execute(TestMethodTestDescriptor.java:68)
	at org.junit.platform.engine.support.hierarchical.NodeTestTask.lambda$executeRecursively$6(NodeTestTask.java:151)
	at org.junit.platform.engine.support.hierarchical.ThrowableCollector.execute(ThrowableCollector.java:73)
	at org.junit.platform.engine.support.hierarchical.NodeTestTask.lambda$executeRecursively$8(NodeTestTask.java:141)
	at org.junit.platform.engine.support.hierarchical.Node.around(Node.java:137)
	at org.junit.platform.engine.support.hierarchical.NodeTestTask.lambda$executeRecursively$9(NodeTestTask.java:139)
	at org.junit.platform.engine.support.hierarchical.ThrowableCollector.execute(ThrowableCollector.java:73)
	at org.junit.platform.engine.support.hierarchical.NodeTestTask.executeRecursively(NodeTestTask.java:138)
	at org.junit.platform.engine.support.hierarchical.NodeTestTask.execute(NodeTestTask.java:95)
	at java.base/java.util.ArrayList.forEach(ArrayList.java:1511)
	at org.junit.platform.engine.support.hierarchical.SameThreadHierarchicalTestExecutorService.invokeAll(SameThreadHierarchicalTestExecutorService.java:41)
	at org.junit.platform.engine.support.hierarchical.NodeTestTask.lambda$executeRecursively$6(NodeTestTask.java:155)
	at org.junit.platform.engine.support.hierarchical.ThrowableCollector.execute(ThrowableCollector.java:73)
	at org.junit.platform.engine.support.hierarchical.NodeTestTask.lambda$executeRecursively$8(NodeTestTask.java:141)
	at org.junit.platform.engine.support.hierarchical.Node.around(Node.java:137)
	at org.junit.platform.engine.support.hierarchical.NodeTestTask.lambda$executeRecursively$9(NodeTestTask.java:139)
	at org.junit.platform.engine.support.hierarchical.ThrowableCollector.execute(ThrowableCollector.java:73)
	at org.junit.platform.engine.support.hierarchical.NodeTestTask.executeRecursively(NodeTestTask.java:138)
	at org.junit.platform.engine.support.hierarchical.NodeTestTask.execute(NodeTestTask.java:95)
	at java.base/java.util.ArrayList.forEach(ArrayList.java:1511)
	at org.junit.platform.engine.support.hierarchical.SameThreadHierarchicalTestExecutorService.invokeAll(SameThreadHierarchicalTestExecutorService.java:41)
	at org.junit.platform.engine.support.hierarchical.NodeTestTask.lambda$executeRecursively$6(NodeTestTask.java:155)
	at org.junit.platform.engine.support.hierarchical.ThrowableCollector.execute(ThrowableCollector.java:73)
	at org.junit.platform.engine.support.hierarchical.NodeTestTask.lambda$executeRecursively$8(NodeTestTask.java:141)
	at org.junit.platform.engine.support.hierarchical.Node.around(Node.java:137)
	at org.junit.platform.engine.support.hierarchical.NodeTestTask.lambda$executeRecursively$9(NodeTestTask.java:139)
	at org.junit.platform.engine.support.hierarchical.ThrowableCollector.execute(ThrowableCollector.java:73)
	at org.junit.platform.engine.support.hierarchical.NodeTestTask.executeRecursively(NodeTestTask.java:138)
	at org.junit.platform.engine.support.hierarchical.NodeTestTask.execute(NodeTestTask.java:95)
	at org.junit.platform.engine.support.hierarchical.SameThreadHierarchicalTestExecutorService.submit(SameThreadHierarchicalTestExecutorService.java:35)
	at org.junit.platform.engine.support.hierarchical.HierarchicalTestExecutor.execute(HierarchicalTestExecutor.java:57)
	at org.junit.platform.engine.support.hierarchical.HierarchicalTestEngine.execute(HierarchicalTestEngine.java:54)
	at org.junit.platform.launcher.core.EngineExecutionOrchestrator.execute(EngineExecutionOrchestrator.java:147)
	at org.junit.platform.launcher.core.EngineExecutionOrchestrator.execute(EngineExecutionOrchestrator.java:127)
	at org.junit.platform.launcher.core.EngineExecutionOrchestrator.execute(EngineExecutionOrchestrator.java:90)
	at org.junit.platform.launcher.core.EngineExecutionOrchestrator.lambda$execute$0(EngineExecutionOrchestrator.java:55)
	at org.junit.platform.launcher.core.EngineExecutionOrchestrator.withInterceptedStreams(EngineExecutionOrchestrator.java:102)
	at org.junit.platform.launcher.core.EngineExecutionOrchestrator.execute(EngineExecutionOrchestrator.java:54)
	at org.junit.platform.launcher.core.DefaultLauncher.execute(DefaultLauncher.java:114)
	at org.junit.platform.launcher.core.DefaultLauncher.execute(DefaultLauncher.java:86)
	at org.junit.platform.launcher.core.DefaultLauncherSession$DelegatingLauncher.execute(DefaultLauncherSession.java:86)
	at org.apache.maven.surefire.junitplatform.LazyLauncher.execute(LazyLauncher.java:56)
	at org.apache.maven.surefire.junitplatform.JUnitPlatformProvider.execute(JUnitPlatformProvider.java:184)
	at org.apache.maven.surefire.junitplatform.JUnitPlatformProvider.invokeAllTests(JUnitPlatformProvider.java:148)
	at org.apache.maven.surefire.junitplatform.JUnitPlatformProvider.invoke(JUnitPlatformProvider.java:122)
	at org.apache.maven.surefire.booter.ForkedBooter.runSuitesInProcess(ForkedBooter.java:385)
	at org.apache.maven.surefire.booter.ForkedBooter.execute(ForkedBooter.java:162)
	at org.apache.maven.surefire.booter.ForkedBooter.run(ForkedBooter.java:507)
	at org.apache.maven.surefire.booter.ForkedBooter.main(ForkedBooter.java:495)

