<?xml version="1.0" encoding="UTF-8"?>
<testsuite xmlns:xsi="http://www.w3.org/2001/XMLSchema-instance" xsi:noNamespaceSchemaLocation="https://maven.apache.org/surefire/maven-surefire-plugin/xsd/surefire-test-report-3.0.xsd" version="3.0" name="runners.AllTestsRunner" time="17.892" tests="1" errors="0" skipped="0" failures="1">
  <properties>
[...]
</properties>
  <testcase name="runAll" classname="runners.AllTestsRunner" time="17.885">
    <failure message="status code was: 400, expected: 200, response time in milliseconds: 193, url: http://mpay-uat.okdollar.org/qr-pay/ri/v1/iso20022/callback, response: &#10;&lt;FPEnvelope&#10;        xmlns:head=&quot;urn:iso:std:iso:20022:tech:xsd:head.001.001.03&quot;&#10;        xmlns:pacs=&quot;urn:iso:std:iso:20022:tech:xsd:pacs.002.001.13&quot;&gt;&#10;    &lt;head:AppHdr&gt;&#10;        &lt;head:Fr&gt;&#10;            &lt;head:FIId&gt;&#10;                &lt;head:FinInstnId&gt;&#10;                    &lt;head:Othr&gt;&#10;                        &lt;head:Id&gt;7008&lt;/head:Id&gt;&#10;                    &lt;/head:Othr&gt;&#10;                &lt;/head:FinInstnId&gt;&#10;            &lt;/head:FIId&gt;&#10;        &lt;/head:Fr&gt;&#10;        &lt;head:To&gt;&#10;            &lt;head:FIId&gt;&#10;                &lt;head:FinInstnId&gt;&#10;                    &lt;head:Othr&gt;&#10;                        &lt;head:Id&gt;7001&lt;/head:Id&gt;&#10;                    &lt;/head:Othr&gt;&#10;                &lt;/head:FinInstnId&gt;&#10;            &lt;/head:FIId&gt;&#10;        &lt;/head:To&gt;&#10;        &lt;head:BizMsgIdr&gt;17780606942475585653&lt;/head:BizMsgIdr&gt;&#10;        &lt;head:MsgDefIdr&gt;pacs.002.001.13&lt;/head:MsgDefIdr&gt;&#10;        &lt;head:CreDt&gt;2026-05-06T16:14:54+06:30&lt;/head:CreDt&gt;&#10;    &lt;/head:AppHdr&gt;&#10;    &lt;pacs:Document&gt;&#10;        &lt;pacs:FIToFIPmtStsRpt&gt;&#10;            &lt;pacs:GrpHdr&gt;&#10;                &lt;pacs:MsgId&gt;17780606942472490299&lt;/pacs:MsgId&gt;&#10;                &lt;pacs:CreDtTm&gt;2026-05-06T16:14:54+06:30&lt;/pacs:CreDtTm&gt;&#10;                &lt;pacs:InstgAgt&gt;&#10;                    &lt;pacs:FinInstnId&gt;&#10;                        &lt;pacs:Othr&gt;&#10;                            &lt;pacs:Id&gt;7008&lt;/pacs:Id&gt;&#10;                        &lt;/pacs:Othr&gt;&#10;                    &lt;/pacs:FinInstnId&gt;&#10;                &lt;/pacs:InstgAgt&gt;&#10;                &lt;pacs:InstdAgt&gt;&#10;                    &lt;pacs:FinInstnId&gt;&#10;                        &lt;pacs:Othr&gt;&#10;                            &lt;pacs:Id&gt;7001&lt;/pacs:Id&gt;&#10;                        &lt;/pacs:Othr&gt;&#10;                    &lt;/pacs:FinInstnId&gt;&#10;                &lt;/pacs:InstdAgt&gt;&#10;            &lt;/pacs:GrpHdr&gt;&#10;            &lt;pacs:TxInfAndSts&gt;&#10;                &lt;pacs:OrgnlGrpInf&gt;&#10;                    &lt;pacs:OrgnlMsgId&gt;BizMsgIdr20260506161454&lt;/pacs:OrgnlMsgId&gt;&#10;                    &lt;pacs:OrgnlMsgNmId&gt;pacs.002.001.13&lt;/pacs:OrgnlMsgNmId&gt;&#10;                &lt;/pacs:OrgnlGrpInf&gt;&#10;                &lt;pacs:OrgnlEndToEndId&gt;EndToEndId20260506161451&lt;/pacs:OrgnlEndToEndId&gt;&#10;                &lt;pacs:OrgnlTxId&gt;EndToEndId20260506161451&lt;/pacs:OrgnlTxId&gt;&#10;                &lt;pacs:TxSts&gt;RJCT&lt;/pacs:TxSts&gt;&#10;                &lt;pacs:StsRsnInf&gt;&#10;    &lt;pacs:Orgtr&gt;&#10;        &lt;pacs:Id&gt;&#10;            &lt;pacs:OrgId&gt;&#10;                &lt;pacs:Othr&gt;&#10;                    &lt;pacs:Id&gt;BIC&lt;/pacs:Id&gt;&#10;                &lt;/pacs:Othr&gt;&#10;            &lt;/pacs:OrgId&gt;&#10;        &lt;/pacs:Id&gt;&#10;    &lt;/pacs:Orgtr&gt;&#10;    &lt;pacs:Rsn&gt;&#10;        &lt;pacs:Prtry&gt;MWIF&lt;/pacs:Prtry&gt;&#10;    &lt;/pacs:Rsn&gt;&#10;    &lt;pacs:AddtlInf&gt;cvc-minLength-valid: Value &apos;ACSC&apos; with length = &apos;4&apos; is not facet-valid with respect to minLength &apos;1&apos; for type &apos;Max34Text&apos;.cvc-type.3.1.3: The value &apos;ACSC&apos; of element &apos;Document.FIToFIPmtStsRpt.TxInfAndSts.TxSts&apos; is not valid.&lt;/pacs:AddtlInf&gt;&#10;&lt;/pacs:StsRsnInf&gt;&#10;&#10;                &lt;pacs:AccptncDtTm&gt;2026-05-06T16:14:54+06:30&lt;/pacs:AccptncDtTm&gt;&#10;                &lt;pacs:ClrSysRef&gt;EndToEndId20260506161451&lt;/pacs:ClrSysRef&gt;&#10;                &lt;pacs:OrgnlTxRef&gt;&#10;                    &lt;pacs:IntrBkSttlmAmt Ccy=&quot;MMK&quot;&gt;102.00&lt;/pacs:IntrBkSttlmAmt&gt;&#10;                    &lt;pacs:Amt&gt;&#10;                        &lt;pacs:InstdAmt Ccy=&quot;MMK&quot;&gt;102.00&lt;/pacs:InstdAmt&gt;&#10;                    &lt;/pacs:Amt&gt;&#10;                    &lt;pacs:Dbtr&gt;&#10;                        &lt;pacs:Pty&gt;&#10;                            &lt;pacs:Nm&gt; Sai Nwet&lt;/pacs:Nm&gt;&#10;                            &lt;pacs:PstlAdr&gt;&#10;                                &lt;pacs:AdrLine&gt;N.A&lt;/pacs:AdrLine&gt;&#10;                            &lt;/pacs:PstlAdr&gt;&#10;                        &lt;/pacs:Pty&gt;&#10;                    &lt;/pacs:Dbtr&gt;&#10;                    &lt;pacs:DbtrAcct&gt;&#10;                        &lt;pacs:Id&gt;&#10;                            &lt;pacs:Othr&gt;&#10;                                &lt;pacs:Id&gt;2234409999999326&lt;/pacs:Id&gt;&#10;                                &lt;pacs:SchmeNm&gt;&#10;                                    &lt;pacs:Prtry&gt;TOKN&lt;/pacs:Prtry&gt;&#10;                                &lt;/pacs:SchmeNm&gt;&#10;                            &lt;/pacs:Othr&gt;&#10;                        &lt;/pacs:Id&gt;&#10;                    &lt;/pacs:DbtrAcct&gt;&#10;                    &lt;pacs:Cdtr&gt;&#10;                        &lt;pacs:Pty&gt;&#10;                            &lt;pacs:Nm&gt;BUSINESS MAGNET&lt;/pacs:Nm&gt;&#10;                        &lt;/pacs:Pty&gt;&#10;                    &lt;/pacs:Cdtr&gt;&#10;                    &lt;pacs:CdtrAcct&gt;&#10;                        &lt;pacs:Id&gt;&#10;                            &lt;pacs:Othr&gt;&#10;                                &lt;pacs:Id&gt;2237036522955371342522&lt;/pacs:Id&gt;&#10;                                &lt;pacs:SchmeNm&gt;&#10;                                    &lt;pacs:Prtry&gt;MRCT&lt;/pacs:Prtry&gt;&#10;                                &lt;/pacs:SchmeNm&gt;&#10;                            &lt;/pacs:Othr&gt;&#10;                        &lt;/pacs:Id&gt;&#10;                    &lt;/pacs:CdtrAcct&gt;&#10;                &lt;/pacs:OrgnlTxRef&gt;&#10;            &lt;/pacs:TxInfAndSts&gt;&#10;        &lt;/pacs:FIToFIPmtStsRpt&gt;&#10;    &lt;/pacs:Document&gt;&#10;&lt;/FPEnvelope&gt;&#10;classpath:features/payments/pacs2.feature:41&#10;classpath:features/payments/payment.feature:17 ==&gt; expected: &lt;0&gt; but was: &lt;1&gt;" type="org.opentest4j.AssertionFailedError"><![CDATA[org.opentest4j.AssertionFailedError: 
status code was: 400, expected: 200, response time in milliseconds: 193, url: http://mpay-uat.okdollar.org/qr-pay/ri/v1/iso20022/callback, response: 
<FPEnvelope
        xmlns:head="urn:iso:std:iso:20022:tech:xsd:head.001.001.03"
        xmlns:pacs="urn:iso:std:iso:20022:tech:xsd:pacs.002.001.13">
    <head:AppHdr>
        <head:Fr>
            <head:FIId>
                <head:FinInstnId>
                    <head:Othr>
                        <head:Id>7008</head:Id>
                    </head:Othr>
                </head:FinInstnId>
            </head:FIId>
        </head:Fr>
        <head:To>
            <head:FIId>
                <head:FinInstnId>
                    <head:Othr>
                        <head:Id>7001</head:Id>
                    </head:Othr>
                </head:FinInstnId>
            </head:FIId>
        </head:To>
        <head:BizMsgIdr>17780606942475585653</head:BizMsgIdr>
        <head:MsgDefIdr>pacs.002.001.13</head:MsgDefIdr>
        <head:CreDt>2026-05-06T16:14:54+06:30</head:CreDt>
    </head:AppHdr>
    <pacs:Document>
        <pacs:FIToFIPmtStsRpt>
            <pacs:GrpHdr>
                <pacs:MsgId>17780606942472490299</pacs:MsgId>
                <pacs:CreDtTm>2026-05-06T16:14:54+06:30</pacs:CreDtTm>
                <pacs:InstgAgt>
                    <pacs:FinInstnId>
                        <pacs:Othr>
                            <pacs:Id>7008</pacs:Id>
                        </pacs:Othr>
                    </pacs:FinInstnId>
                </pacs:InstgAgt>
                <pacs:InstdAgt>
                    <pacs:FinInstnId>
                        <pacs:Othr>
                            <pacs:Id>7001</pacs:Id>
                        </pacs:Othr>
                    </pacs:FinInstnId>
                </pacs:InstdAgt>
            </pacs:GrpHdr>
            <pacs:TxInfAndSts>
                <pacs:OrgnlGrpInf>
                    <pacs:OrgnlMsgId>BizMsgIdr20260506161454</pacs:OrgnlMsgId>
                    <pacs:OrgnlMsgNmId>pacs.002.001.13</pacs:OrgnlMsgNmId>
                </pacs:OrgnlGrpInf>
                <pacs:OrgnlEndToEndId>EndToEndId20260506161451</pacs:OrgnlEndToEndId>
                <pacs:OrgnlTxId>EndToEndId20260506161451</pacs:OrgnlTxId>
                <pacs:TxSts>RJCT</pacs:TxSts>
                <pacs:StsRsnInf>
    <pacs:Orgtr>
        <pacs:Id>
            <pacs:OrgId>
                <pacs:Othr>
                    <pacs:Id>BIC</pacs:Id>
                </pacs:Othr>
            </pacs:OrgId>
        </pacs:Id>
    </pacs:Orgtr>
    <pacs:Rsn>
        <pacs:Prtry>MWIF</pacs:Prtry>
    </pacs:Rsn>
    <pacs:AddtlInf>cvc-minLength-valid: Value 'ACSC' with length = '4' is not facet-valid with respect to minLength '1' for type 'Max34Text'.cvc-type.3.1.3: The value 'ACSC' of element 'Document.FIToFIPmtStsRpt.TxInfAndSts.TxSts' is not valid.</pacs:AddtlInf>
</pacs:StsRsnInf>

                <pacs:AccptncDtTm>2026-05-06T16:14:54+06:30</pacs:AccptncDtTm>
                <pacs:ClrSysRef>EndToEndId20260506161451</pacs:ClrSysRef>
                <pacs:OrgnlTxRef>
                    <pacs:IntrBkSttlmAmt Ccy="MMK">102.00</pacs:IntrBkSttlmAmt>
                    <pacs:Amt>
                        <pacs:InstdAmt Ccy="MMK">102.00</pacs:InstdAmt>
                    </pacs:Amt>
                    <pacs:Dbtr>
                        <pacs:Pty>
                            <pacs:Nm> Sai Nwet</pacs:Nm>
                            <pacs:PstlAdr>
                                <pacs:AdrLine>N.A</pacs:AdrLine>
                            </pacs:PstlAdr>
                        </pacs:Pty>
                    </pacs:Dbtr>
                    <pacs:DbtrAcct>
                        <pacs:Id>
                            <pacs:Othr>
                                <pacs:Id>2234409999999326</pacs:Id>
                                <pacs:SchmeNm>
                                    <pacs:Prtry>TOKN</pacs:Prtry>
                                </pacs:SchmeNm>
                            </pacs:Othr>
                        </pacs:Id>
                    </pacs:DbtrAcct>
                    <pacs:Cdtr>
                        <pacs:Pty>
                            <pacs:Nm>BUSINESS MAGNET</pacs:Nm>
                        </pacs:Pty>
                    </pacs:Cdtr>
                    <pacs:CdtrAcct>
                        <pacs:Id>
                            <pacs:Othr>
                                <pacs:Id>2237036522955371342522</pacs:Id>
                                <pacs:SchmeNm>
                                    <pacs:Prtry>MRCT</pacs:Prtry>
                                </pacs:SchmeNm>
                            </pacs:Othr>
                        </pacs:Id>
                    </pacs:CdtrAcct>
                </pacs:OrgnlTxRef>
            </pacs:TxInfAndSts>
        </pacs:FIToFIPmtStsRpt>
    </pacs:Document>
</FPEnvelope>
classpath:features/payments/pacs2.feature:41
classpath:features/payments/payment.feature:17 ==> expected: <0> but was: <1>
	at org.junit.jupiter.api.AssertionFailureBuilder.build(AssertionFailureBuilder.java:151)
	at org.junit.jupiter.api.AssertionFailureBuilder.buildAndThrow(AssertionFailureBuilder.java:132)
	at org.junit.jupiter.api.AssertEquals.failNotEqual(AssertEquals.java:197)
	at org.junit.jupiter.api.AssertEquals.assertEquals(AssertEquals.java:150)
	at org.junit.jupiter.api.Assertions.assertEquals(Assertions.java:560)
	at runners.AllTestsRunner.runAll(AllTestsRunner.java:32)
	at java.base/jdk.internal.reflect.NativeMethodAccessorImpl.invoke0(Native Method)
	at java.base/jdk.internal.reflect.NativeMethodAccessorImpl.invoke(NativeMethodAccessorImpl.java:77)
	at java.base/jdk.internal.reflect.DelegatingMethodAccessorImpl.invoke(DelegatingMethodAccessorImpl.java:43)
	at java.base/java.lang.reflect.Method.invoke(Method.java:569)
	at org.junit.platform.commons.util.ReflectionUtils.invokeMethod(ReflectionUtils.java:727)
	at org.junit.jupiter.engine.execution.MethodInvocation.proceed(MethodInvocation.java:60)
	at org.junit.jupiter.engine.execution.InvocationInterceptorChain$ValidatingInvocation.proceed(InvocationInterceptorChain.java:131)
	at org.junit.jupiter.engine.extension.TimeoutExtension.intercept(TimeoutExtension.java:156)
	at org.junit.jupiter.engine.extension.TimeoutExtension.interceptTestableMethod(TimeoutExtension.java:147)
	at org.junit.jupiter.engine.extension.TimeoutExtension.interceptTestMethod(TimeoutExtension.java:86)
	at org.junit.jupiter.engine.execution.InterceptingExecutableInvoker$ReflectiveInterceptorCall.lambda$ofVoidMethod$0(InterceptingExecutableInvoker.java:103)
	at org.junit.jupiter.engine.execution.InterceptingExecutableInvoker.lambda$invoke$0(InterceptingExecutableInvoker.java:93)
	at org.junit.jupiter.engine.execution.InvocationInterceptorChain$InterceptedInvocation.proceed(InvocationInterceptorChain.java:106)
	at org.junit.jupiter.engine.execution.InvocationInterceptorChain.proceed(InvocationInterceptorChain.java:64)
	at org.junit.jupiter.engine.execution.InvocationInterceptorChain.chainAndInvoke(InvocationInterceptorChain.java:45)
	at org.junit.jupiter.engine.execution.InvocationInterceptorChain.invoke(InvocationInterceptorChain.java:37)
	at org.junit.jupiter.engine.execution.InterceptingExecutableInvoker.invoke(InterceptingExecutableInvoker.java:92)
	at org.junit.jupiter.engine.execution.InterceptingExecutableInvoker.invoke(InterceptingExecutableInvoker.java:86)
	at org.junit.jupiter.engine.descriptor.TestMethodTestDescriptor.lambda$invokeTestMethod$7(TestMethodTestDescriptor.java:217)
	at org.junit.platform.engine.support.hierarchical.ThrowableCollector.execute(ThrowableCollector.java:73)
	at org.junit.jupiter.engine.descriptor.TestMethodTestDescriptor.invokeTestMethod(TestMethodTestDescriptor.java:213)
	at org.junit.jupiter.engine.descriptor.TestMethodTestDescriptor.execute(TestMethodTestDescriptor.java:138)
	at org.junit.jupiter.engine.descriptor.TestMethodTestDescriptor.execute(TestMethodTestDescriptor.java:68)
	at org.junit.platform.engine.support.hierarchical.NodeTestTask.lambda$executeRecursively$6(NodeTestTask.java:151)
	at org.junit.platform.engine.support.hierarchical.ThrowableCollector.execute(ThrowableCollector.java:73)
	at org.junit.platform.engine.support.hierarchical.NodeTestTask.lambda$executeRecursively$8(NodeTestTask.java:141)
	at org.junit.platform.engine.support.hierarchical.Node.around(Node.java:137)
	at org.junit.platform.engine.support.hierarchical.NodeTestTask.lambda$executeRecursively$9(NodeTestTask.java:139)
	at org.junit.platform.engine.support.hierarchical.ThrowableCollector.execute(ThrowableCollector.java:73)
	at org.junit.platform.engine.support.hierarchical.NodeTestTask.executeRecursively(NodeTestTask.java:138)
	at org.junit.platform.engine.support.hierarchical.NodeTestTask.execute(NodeTestTask.java:95)
	at java.base/java.util.ArrayList.forEach(ArrayList.java:1511)
	at org.junit.platform.engine.support.hierarchical.SameThreadHierarchicalTestExecutorService.invokeAll(SameThreadHierarchicalTestExecutorService.java:41)
	at org.junit.platform.engine.support.hierarchical.NodeTestTask.lambda$executeRecursively$6(NodeTestTask.java:155)
	at org.junit.platform.engine.support.hierarchical.ThrowableCollector.execute(ThrowableCollector.java:73)
	at org.junit.platform.engine.support.hierarchical.NodeTestTask.lambda$executeRecursively$8(NodeTestTask.java:141)
	at org.junit.platform.engine.support.hierarchical.Node.around(Node.java:137)
	at org.junit.platform.engine.support.hierarchical.NodeTestTask.lambda$executeRecursively$9(NodeTestTask.java:139)
	at org.junit.platform.engine.support.hierarchical.ThrowableCollector.execute(ThrowableCollector.java:73)
	at org.junit.platform.engine.support.hierarchical.NodeTestTask.executeRecursively(NodeTestTask.java:138)
	at org.junit.platform.engine.support.hierarchical.NodeTestTask.execute(NodeTestTask.java:95)
	at java.base/java.util.ArrayList.forEach(ArrayList.java:1511)
	at org.junit.platform.engine.support.hierarchical.SameThreadHierarchicalTestExecutorService.invokeAll(SameThreadHierarchicalTestExecutorService.java:41)
	at org.junit.platform.engine.support.hierarchical.NodeTestTask.lambda$executeRecursively$6(NodeTestTask.java:155)
	at org.junit.platform.engine.support.hierarchical.ThrowableCollector.execute(ThrowableCollector.java:73)
	at org.junit.platform.engine.support.hierarchical.NodeTestTask.lambda$executeRecursively$8(NodeTestTask.java:141)
	at org.junit.platform.engine.support.hierarchical.Node.around(Node.java:137)
	at org.junit.platform.engine.support.hierarchical.NodeTestTask.lambda$executeRecursively$9(NodeTestTask.java:139)
	at org.junit.platform.engine.support.hierarchical.ThrowableCollector.execute(ThrowableCollector.java:73)
	at org.junit.platform.engine.support.hierarchical.NodeTestTask.executeRecursively(NodeTestTask.java:138)
	at org.junit.platform.engine.support.hierarchical.NodeTestTask.execute(NodeTestTask.java:95)
	at org.junit.platform.engine.support.hierarchical.SameThreadHierarchicalTestExecutorService.submit(SameThreadHierarchicalTestExecutorService.java:35)
	at org.junit.platform.engine.support.hierarchical.HierarchicalTestExecutor.execute(HierarchicalTestExecutor.java:57)
	at org.junit.platform.engine.support.hierarchical.HierarchicalTestEngine.execute(HierarchicalTestEngine.java:54)
	at org.junit.platform.launcher.core.EngineExecutionOrchestrator.execute(EngineExecutionOrchestrator.java:147)
	at org.junit.platform.launcher.core.EngineExecutionOrchestrator.execute(EngineExecutionOrchestrator.java:127)
	at org.junit.platform.launcher.core.EngineExecutionOrchestrator.execute(EngineExecutionOrchestrator.java:90)
	at org.junit.platform.launcher.core.EngineExecutionOrchestrator.lambda$execute$0(EngineExecutionOrchestrator.java:55)
	at org.junit.platform.launcher.core.EngineExecutionOrchestrator.withInterceptedStreams(EngineExecutionOrchestrator.java:102)
	at org.junit.platform.launcher.core.EngineExecutionOrchestrator.execute(EngineExecutionOrchestrator.java:54)
	at org.junit.platform.launcher.core.DefaultLauncher.execute(DefaultLauncher.java:114)
	at org.junit.platform.launcher.core.DefaultLauncher.execute(DefaultLauncher.java:86)
	at org.junit.platform.launcher.core.DefaultLauncherSession$DelegatingLauncher.execute(DefaultLauncherSession.java:86)
	at org.apache.maven.surefire.junitplatform.LazyLauncher.execute(LazyLauncher.java:56)
	at org.apache.maven.surefire.junitplatform.JUnitPlatformProvider.execute(JUnitPlatformProvider.java:184)
	at org.apache.maven.surefire.junitplatform.JUnitPlatformProvider.invokeAllTests(JUnitPlatformProvider.java:148)
	at org.apache.maven.surefire.junitplatform.JUnitPlatformProvider.invoke(JUnitPlatformProvider.java:122)
	at org.apache.maven.surefire.booter.ForkedBooter.runSuitesInProcess(ForkedBooter.java:385)
	at org.apache.maven.surefire.booter.ForkedBooter.execute(ForkedBooter.java:162)
	at org.apache.maven.surefire.booter.ForkedBooter.run(ForkedBooter.java:507)
	at org.apache.maven.surefire.booter.ForkedBooter.main(ForkedBooter.java:495)
]]></failure>
    <system-out><![CDATA[15:14:45.271 [main] INFO  com.intuit.karate.Suite - backed up existing 'target/karate-reports' dir to: target/karate-reports_1778060685269
15:14:45.647 [main] INFO  com.intuit.karate - Base URL: http://mpay-uat.okdollar.org 
15:14:45.660 [main] INFO  com.intuit.karate - [print] Base URL: http://mpay-uat.okdollar.org 
15:14:45.949 [main] INFO  com.intuit.karate - Base URL: http://mpay-uat.okdollar.org 
15:14:45.951 [main] INFO  com.intuit.karate - [print] Base URL: http://mpay-uat.okdollar.org 
15:14:46.173 [main] INFO  com.intuit.karate - Base URL: http://mpay-uat.okdollar.org 
15:14:46.175 [main] INFO  com.intuit.karate - [print] Base URL: http://mpay-uat.okdollar.org 
15:14:46.384 [main] INFO  com.intuit.karate - Base URL: http://mpay-uat.okdollar.org 
15:14:46.386 [main] INFO  com.intuit.karate - [print] Base URL: http://mpay-uat.okdollar.org 
15:14:46.597 [main] INFO  com.intuit.karate - Base URL: http://mpay-uat.okdollar.org 
15:14:46.599 [main] INFO  com.intuit.karate - [print] Base URL: http://mpay-uat.okdollar.org 
---------------------------------------------------------
feature: classpath:features/CustomerOnboard/GetUser.feature
scenarios:  5 | passed:  5 | failed:  0 | time: 1.0943
---------------------------------------------------------

15:14:47.056 [main] INFO  com.intuit.karate.Suite - <<pass>> feature 1 of 8 (0 remaining) classpath:features/CustomerOnboard/GetUser.feature
15:14:47.060 [main] INFO  com.intuit.karate - Base URL: http://mpay-uat.okdollar.org 
15:14:47.061 [main] INFO  com.intuit.karate - [print] Base URL: http://mpay-uat.okdollar.org 
15:14:47.304 [main] INFO  com.intuit.karate - Base URL: http://mpay-uat.okdollar.org 
15:14:47.305 [main] INFO  com.intuit.karate - [print] Base URL: http://mpay-uat.okdollar.org 
15:14:47.473 [main] INFO  com.intuit.karate - Base URL: http://mpay-uat.okdollar.org 
15:14:47.473 [main] INFO  com.intuit.karate - [print] Base URL: http://mpay-uat.okdollar.org 
15:14:47.726 [main] INFO  com.intuit.karate - Base URL: http://mpay-uat.okdollar.org 
15:14:47.727 [main] INFO  com.intuit.karate - [print] Base URL: http://mpay-uat.okdollar.org 
---------------------------------------------------------
feature: classpath:features/CustomerOnboard/Inactive.feature
scenarios:  4 | passed:  4 | failed:  0 | time: 0.8343
---------------------------------------------------------

15:14:47.973 [main] INFO  com.intuit.karate.Suite - <<pass>> feature 2 of 8 (0 remaining) classpath:features/CustomerOnboard/Inactive.feature
15:14:47.975 [main] INFO  com.intuit.karate - Base URL: http://mpay-uat.okdollar.org 
15:14:47.976 [main] INFO  com.intuit.karate - [print] Base URL: http://mpay-uat.okdollar.org 
15:14:48.160 [main] INFO  com.intuit.karate - Base URL: http://mpay-uat.okdollar.org 
15:14:48.160 [main] INFO  com.intuit.karate - [print] Base URL: http://mpay-uat.okdollar.org 
15:14:48.356 [main] INFO  com.intuit.karate - Base URL: http://mpay-uat.okdollar.org 
15:14:48.357 [main] INFO  com.intuit.karate - [print] Base URL: http://mpay-uat.okdollar.org 
15:14:48.551 [main] INFO  com.intuit.karate - Base URL: http://mpay-uat.okdollar.org 
15:14:48.552 [main] INFO  com.intuit.karate - [print] Base URL: http://mpay-uat.okdollar.org 
---------------------------------------------------------
feature: classpath:features/CustomerOnboard/active.feature
scenarios:  4 | passed:  4 | failed:  0 | time: 0.7791
---------------------------------------------------------

15:14:48.831 [main] INFO  com.intuit.karate.Suite - <<pass>> feature 3 of 8 (0 remaining) classpath:features/CustomerOnboard/active.feature
15:14:48.835 [main] INFO  com.intuit.karate - Base URL: http://mpay-uat.okdollar.org 
15:14:48.865 [main] INFO  com.intuit.karate - [print] currentTimestamp = 2026-05-06T16:14:48+06:30 
15:14:48.865 [main] INFO  com.intuit.karate - [print] endToEndId = EndToEndId20260506161448 
15:14:48.896 [main] INFO  com.intuit.karate - [print] [PACS 8] endToEndId = EndToEndId20260506161448 
15:14:48.896 [main] INFO  com.intuit.karate - [print] [PACS 8] currentTimestamp = 2026-05-06T16:14:48+06:30 
15:14:49.351 [main] INFO  com.intuit.karate - [print] [PACS 8] HTTP 200 | TxSts = ACSC 
15:14:49.353 [main] INFO  com.intuit.karate - [print] [PACS 8] response written to target/karate-logs/responses/pacs8_RI_EndToEndId20260506161448.xml 
15:14:51.379 [main] INFO  com.intuit.karate - [print] currentTimestamp = 2026-05-06T16:14:51+06:30 
15:14:51.380 [main] INFO  com.intuit.karate - [print] bizMsgIdr = BizMsgIdr20260506161451 
15:14:51.626 [main] INFO  com.intuit.karate - [print] [PACS 2] HTTP 200 | TxSts = ACSC 
15:14:51.630 [main] INFO  com.intuit.karate - [print] [PACS 2] response written to target/karate-logs/responses/pacs2_RI_BizMsgIdr20260506161451.xml 
15:14:51.632 [main] INFO  com.intuit.karate - [print] [RI] PACS 8 = 200 ACSC | PACS 2 = 200 ACSC 
15:14:51.637 [main] INFO  com.intuit.karate - Base URL: http://mpay-uat.okdollar.org 
15:14:51.647 [main] INFO  com.intuit.karate - [print] currentTimestamp = 2026-05-06T16:14:51+06:30 
15:14:51.647 [main] INFO  com.intuit.karate - [print] endToEndId = EndToEndId20260506161451 
15:14:51.651 [main] INFO  com.intuit.karate - [print] [PACS 8] endToEndId = EndToEndId20260506161451 
15:14:51.651 [main] INFO  com.intuit.karate - [print] [PACS 8] currentTimestamp = 2026-05-06T16:14:51+06:30 
15:14:52.065 [main] INFO  com.intuit.karate - [print] [PACS 8] HTTP 400 | TxSts = RJCT 
15:14:52.068 [main] INFO  com.intuit.karate - [print] [PACS 8] response written to target/karate-logs/responses/pacs8_EZYNK_EndToEndId20260506161451.xml 
15:14:54.089 [main] INFO  com.intuit.karate - [print] currentTimestamp = 2026-05-06T16:14:54+06:30 
15:14:54.090 [main] INFO  com.intuit.karate - [print] bizMsgIdr = BizMsgIdr20260506161454 
15:14:54.299 [main] ERROR com.intuit.karate - classpath:features/payments/pacs2.feature:41
Then status 200
status code was: 400, expected: 200, response time in milliseconds: 193, url: http://mpay-uat.okdollar.org/qr-pay/ri/v1/iso20022/callback, response: 
<FPEnvelope
        xmlns:head="urn:iso:std:iso:20022:tech:xsd:head.001.001.03"
        xmlns:pacs="urn:iso:std:iso:20022:tech:xsd:pacs.002.001.13">
    <head:AppHdr>
        <head:Fr>
            <head:FIId>
                <head:FinInstnId>
                    <head:Othr>
                        <head:Id>7008</head:Id>
                    </head:Othr>
                </head:FinInstnId>
            </head:FIId>
        </head:Fr>
        <head:To>
            <head:FIId>
                <head:FinInstnId>
                    <head:Othr>
                        <head:Id>7001</head:Id>
                    </head:Othr>
                </head:FinInstnId>
            </head:FIId>
        </head:To>
        <head:BizMsgIdr>17780606942475585653</head:BizMsgIdr>
        <head:MsgDefIdr>pacs.002.001.13</head:MsgDefIdr>
        <head:CreDt>2026-05-06T16:14:54+06:30</head:CreDt>
    </head:AppHdr>
    <pacs:Document>
        <pacs:FIToFIPmtStsRpt>
            <pacs:GrpHdr>
                <pacs:MsgId>17780606942472490299</pacs:MsgId>
                <pacs:CreDtTm>2026-05-06T16:14:54+06:30</pacs:CreDtTm>
                <pacs:InstgAgt>
                    <pacs:FinInstnId>
                        <pacs:Othr>
                            <pacs:Id>7008</pacs:Id>
                        </pacs:Othr>
                    </pacs:FinInstnId>
                </pacs:InstgAgt>
                <pacs:InstdAgt>
                    <pacs:FinInstnId>
                        <pacs:Othr>
                            <pacs:Id>7001</pacs:Id>
                        </pacs:Othr>
                    </pacs:FinInstnId>
                </pacs:InstdAgt>
            </pacs:GrpHdr>
            <pacs:TxInfAndSts>
                <pacs:OrgnlGrpInf>
                    <pacs:OrgnlMsgId>BizMsgIdr20260506161454</pacs:OrgnlMsgId>
                    <pacs:OrgnlMsgNmId>pacs.002.001.13</pacs:OrgnlMsgNmId>
                </pacs:OrgnlGrpInf>
                <pacs:OrgnlEndToEndId>EndToEndId20260506161451</pacs:OrgnlEndToEndId>
                <pacs:OrgnlTxId>EndToEndId20260506161451</pacs:OrgnlTxId>
                <pacs:TxSts>RJCT</pacs:TxSts>
                <pacs:StsRsnInf>
    <pacs:Orgtr>
        <pacs:Id>
            <pacs:OrgId>
                <pacs:Othr>
                    <pacs:Id>BIC</pacs:Id>
                </pacs:Othr>
            </pacs:OrgId>
        </pacs:Id>
    </pacs:Orgtr>
    <pacs:Rsn>
        <pacs:Prtry>MWIF</pacs:Prtry>
    </pacs:Rsn>
    <pacs:AddtlInf>cvc-minLength-valid: Value 'ACSC' with length = '4' is not facet-valid with respect to minLength '1' for type 'Max34Text'.cvc-type.3.1.3: The value 'ACSC' of element 'Document.FIToFIPmtStsRpt.TxInfAndSts.TxSts' is not valid.</pacs:AddtlInf>
</pacs:StsRsnInf>

                <pacs:AccptncDtTm>2026-05-06T16:14:54+06:30</pacs:AccptncDtTm>
                <pacs:ClrSysRef>EndToEndId20260506161451</pacs:ClrSysRef>
                <pacs:OrgnlTxRef>
                    <pacs:IntrBkSttlmAmt Ccy="MMK">102.00</pacs:IntrBkSttlmAmt>
                    <pacs:Amt>
                        <pacs:InstdAmt Ccy="MMK">102.00</pacs:InstdAmt>
                    </pacs:Amt>
                    <pacs:Dbtr>
                        <pacs:Pty>
                            <pacs:Nm> Sai Nwet</pacs:Nm>
                            <pacs:PstlAdr>
                                <pacs:AdrLine>N.A</pacs:AdrLine>
                            </pacs:PstlAdr>
                        </pacs:Pty>
                    </pacs:Dbtr>
                    <pacs:DbtrAcct>
                        <pacs:Id>
                            <pacs:Othr>
                                <pacs:Id>2234409999999326</pacs:Id>
                                <pacs:SchmeNm>
                                    <pacs:Prtry>TOKN</pacs:Prtry>
                                </pacs:SchmeNm>
                            </pacs:Othr>
                        </pacs:Id>
                    </pacs:DbtrAcct>
                    <pacs:Cdtr>
                        <pacs:Pty>
                            <pacs:Nm>BUSINESS MAGNET</pacs:Nm>
                        </pacs:Pty>
                    </pacs:Cdtr>
                    <pacs:CdtrAcct>
                        <pacs:Id>
                            <pacs:Othr>
                                <pacs:Id>2237036522955371342522</pacs:Id>
                                <pacs:SchmeNm>
                                    <pacs:Prtry>MRCT</pacs:Prtry>
                                </pacs:SchmeNm>
                            </pacs:Othr>
                        </pacs:Id>
                    </pacs:CdtrAcct>
                </pacs:OrgnlTxRef>
            </pacs:TxInfAndSts>
        </pacs:FIToFIPmtStsRpt>
    </pacs:Document>
</FPEnvelope>
classpath:features/payments/pacs2.feature:41
15:14:54.301 [main] ERROR com.intuit.karate - classpath:features/payments/payment.feature:17
* def pacs2Result = call read('classpath:features/payments/pacs2.feature') pacs2Input
status code was: 400, expected: 200, response time in milliseconds: 193, url: http://mpay-uat.okdollar.org/qr-pay/ri/v1/iso20022/callback, response: 
<FPEnvelope
        xmlns:head="urn:iso:std:iso:20022:tech:xsd:head.001.001.03"
        xmlns:pacs="urn:iso:std:iso:20022:tech:xsd:pacs.002.001.13">
    <head:AppHdr>
        <head:Fr>
            <head:FIId>
                <head:FinInstnId>
                    <head:Othr>
                        <head:Id>7008</head:Id>
                    </head:Othr>
                </head:FinInstnId>
            </head:FIId>
        </head:Fr>
        <head:To>
            <head:FIId>
                <head:FinInstnId>
                    <head:Othr>
                        <head:Id>7001</head:Id>
                    </head:Othr>
                </head:FinInstnId>
            </head:FIId>
        </head:To>
        <head:BizMsgIdr>17780606942475585653</head:BizMsgIdr>
        <head:MsgDefIdr>pacs.002.001.13</head:MsgDefIdr>
        <head:CreDt>2026-05-06T16:14:54+06:30</head:CreDt>
    </head:AppHdr>
    <pacs:Document>
        <pacs:FIToFIPmtStsRpt>
            <pacs:GrpHdr>
                <pacs:MsgId>17780606942472490299</pacs:MsgId>
                <pacs:CreDtTm>2026-05-06T16:14:54+06:30</pacs:CreDtTm>
                <pacs:InstgAgt>
                    <pacs:FinInstnId>
                        <pacs:Othr>
                            <pacs:Id>7008</pacs:Id>
                        </pacs:Othr>
                    </pacs:FinInstnId>
                </pacs:InstgAgt>
                <pacs:InstdAgt>
                    <pacs:FinInstnId>
                        <pacs:Othr>
                            <pacs:Id>7001</pacs:Id>
                        </pacs:Othr>
                    </pacs:FinInstnId>
                </pacs:InstdAgt>
            </pacs:GrpHdr>
            <pacs:TxInfAndSts>
                <pacs:OrgnlGrpInf>
                    <pacs:OrgnlMsgId>BizMsgIdr20260506161454</pacs:OrgnlMsgId>
                    <pacs:OrgnlMsgNmId>pacs.002.001.13</pacs:OrgnlMsgNmId>
                </pacs:OrgnlGrpInf>
                <pacs:OrgnlEndToEndId>EndToEndId20260506161451</pacs:OrgnlEndToEndId>
                <pacs:OrgnlTxId>EndToEndId20260506161451</pacs:OrgnlTxId>
                <pacs:TxSts>RJCT</pacs:TxSts>
                <pacs:StsRsnInf>
    <pacs:Orgtr>
        <pacs:Id>
            <pacs:OrgId>
                <pacs:Othr>
                    <pacs:Id>BIC</pacs:Id>
                </pacs:Othr>
            </pacs:OrgId>
        </pacs:Id>
    </pacs:Orgtr>
    <pacs:Rsn>
        <pacs:Prtry>MWIF</pacs:Prtry>
    </pacs:Rsn>
    <pacs:AddtlInf>cvc-minLength-valid: Value 'ACSC' with length = '4' is not facet-valid with respect to minLength '1' for type 'Max34Text'.cvc-type.3.1.3: The value 'ACSC' of element 'Document.FIToFIPmtStsRpt.TxInfAndSts.TxSts' is not valid.</pacs:AddtlInf>
</pacs:StsRsnInf>

                <pacs:AccptncDtTm>2026-05-06T16:14:54+06:30</pacs:AccptncDtTm>
                <pacs:ClrSysRef>EndToEndId20260506161451</pacs:ClrSysRef>
                <pacs:OrgnlTxRef>
                    <pacs:IntrBkSttlmAmt Ccy="MMK">102.00</pacs:IntrBkSttlmAmt>
                    <pacs:Amt>
                        <pacs:InstdAmt Ccy="MMK">102.00</pacs:InstdAmt>
                    </pacs:Amt>
                    <pacs:Dbtr>
                        <pacs:Pty>
                            <pacs:Nm> Sai Nwet</pacs:Nm>
                            <pacs:PstlAdr>
                                <pacs:AdrLine>N.A</pacs:AdrLine>
                            </pacs:PstlAdr>
                        </pacs:Pty>
                    </pacs:Dbtr>
                    <pacs:DbtrAcct>
                        <pacs:Id>
                            <pacs:Othr>
                                <pacs:Id>2234409999999326</pacs:Id>
                                <pacs:SchmeNm>
                                    <pacs:Prtry>TOKN</pacs:Prtry>
                                </pacs:SchmeNm>
                            </pacs:Othr>
                        </pacs:Id>
                    </pacs:DbtrAcct>
                    <pacs:Cdtr>
                        <pacs:Pty>
                            <pacs:Nm>BUSINESS MAGNET</pacs:Nm>
                        </pacs:Pty>
                    </pacs:Cdtr>
                    <pacs:CdtrAcct>
                        <pacs:Id>
                            <pacs:Othr>
                                <pacs:Id>2237036522955371342522</pacs:Id>
                                <pacs:SchmeNm>
                                    <pacs:Prtry>MRCT</pacs:Prtry>
                                </pacs:SchmeNm>
                            </pacs:Othr>
                        </pacs:Id>
                    </pacs:CdtrAcct>
                </pacs:OrgnlTxRef>
            </pacs:TxInfAndSts>
        </pacs:FIToFIPmtStsRpt>
    </pacs:Document>
</FPEnvelope>
classpath:features/payments/pacs2.feature:41
classpath:features/payments/payment.feature:17
15:14:54.303 [main] INFO  com.intuit.karate - Base URL: http://mpay-uat.okdollar.org 
15:14:54.309 [main] INFO  com.intuit.karate - [print] currentTimestamp = 2026-05-06T16:14:54+06:30 
15:14:54.309 [main] INFO  com.intuit.karate - [print] endToEndId = EndToEndId20260506161454 
15:14:54.312 [main] INFO  com.intuit.karate - [print] [PACS 8] endToEndId = EndToEndId20260506161454 
15:14:54.313 [main] INFO  com.intuit.karate - [print] [PACS 8] currentTimestamp = 2026-05-06T16:14:54+06:30 
15:14:54.827 [main] INFO  com.intuit.karate - [print] [PACS 8] HTTP 200 | TxSts = ACSC 
15:14:54.829 [main] INFO  com.intuit.karate - [print] [PACS 8] response written to target/karate-logs/responses/pacs8_STARTHING_EndToEndId20260506161454.xml 
15:14:56.884 [main] INFO  com.intuit.karate - [print] currentTimestamp = 2026-05-06T16:14:56+06:30 
15:14:56.884 [main] INFO  com.intuit.karate - [print] bizMsgIdr = BizMsgIdr20260506161456 
15:14:57.151 [main] INFO  com.intuit.karate - [print] [PACS 2] HTTP 200 | TxSts = ACSC 
15:14:57.154 [main] INFO  com.intuit.karate - [print] [PACS 2] response written to target/karate-logs/responses/pacs2_STARTHING_BizMsgIdr20260506161456.xml 
15:14:57.155 [main] INFO  com.intuit.karate - [print] [STARTHING] PACS 8 = 200 ACSC | PACS 2 = 200 ACSC 
15:14:57.159 [main] INFO  com.intuit.karate - Base URL: http://mpay-uat.okdollar.org 
15:14:57.168 [main] INFO  com.intuit.karate - [print] currentTimestamp = 2026-05-06T16:14:57+06:30 
15:14:57.168 [main] INFO  com.intuit.karate - [print] endToEndId = EndToEndId20260506161457 
15:14:57.171 [main] INFO  com.intuit.karate - [print] [PACS 8] endToEndId = EndToEndId20260506161457 
15:14:57.172 [main] INFO  com.intuit.karate - [print] [PACS 8] currentTimestamp = 2026-05-06T16:14:57+06:30 
15:14:57.627 [main] INFO  com.intuit.karate - [print] [PACS 8] HTTP 200 | TxSts = ACSC 
15:14:57.629 [main] INFO  com.intuit.karate - [print] [PACS 8] response written to target/karate-logs/responses/pacs8_OSM_EndToEndId20260506161457.xml 
15:14:59.652 [main] INFO  com.intuit.karate - [print] currentTimestamp = 2026-05-06T16:14:59+06:30 
15:14:59.652 [main] INFO  com.intuit.karate - [print] bizMsgIdr = BizMsgIdr20260506161459 
15:14:59.926 [main] INFO  com.intuit.karate - [print] [PACS 2] HTTP 200 | TxSts = ACSC 
15:14:59.928 [main] INFO  com.intuit.karate - [print] [PACS 2] response written to target/karate-logs/responses/pacs2_OSM_BizMsgIdr20260506161459.xml 
15:14:59.929 [main] INFO  com.intuit.karate - [print] [OSM] PACS 8 = 200 ACSC | PACS 2 = 200 ACSC 
15:14:59.934 [main] INFO  com.intuit.karate - Base URL: http://mpay-uat.okdollar.org 
15:14:59.947 [main] INFO  com.intuit.karate - [print] currentTimestamp = 2026-05-06T16:14:59+06:30 
15:14:59.947 [main] INFO  com.intuit.karate - [print] endToEndId = EndToEndId20260506161459 
15:14:59.950 [main] INFO  com.intuit.karate - [print] [PACS 8] endToEndId = EndToEndId20260506161459 
15:14:59.950 [main] INFO  com.intuit.karate - [print] [PACS 8] currentTimestamp = 2026-05-06T16:14:59+06:30 
15:15:00.314 [main] INFO  com.intuit.karate - [print] [PACS 8] HTTP 200 | TxSts = ACSC 
15:15:00.316 [main] INFO  com.intuit.karate - [print] [PACS 8] response written to target/karate-logs/responses/pacs8_RIOutlet_EndToEndId20260506161459.xml 
15:15:02.344 [main] INFO  com.intuit.karate - [print] currentTimestamp = 2026-05-06T16:15:02+06:30 
15:15:02.344 [main] INFO  com.intuit.karate - [print] bizMsgIdr = BizMsgIdr20260506161502 
15:15:02.568 [main] INFO  com.intuit.karate - [print] [PACS 2] HTTP 200 | TxSts = ACSC 
15:15:02.570 [main] INFO  com.intuit.karate - [print] [PACS 2] response written to target/karate-logs/responses/pacs2_RIOutlet_BizMsgIdr20260506161502.xml 
15:15:02.571 [main] INFO  com.intuit.karate - [print] [RIOutlet] PACS 8 = 200 ACSC | PACS 2 = 200 ACSC 
---------------------------------------------------------
feature: classpath:features/payments/payment.feature
scenarios:  5 | passed:  4 | failed:  1 | time: 13.7151
---------------------------------------------------------

15:15:02.774 [main] INFO  com.intuit.karate.Suite - <<fail>> feature 8 of 8 (0 remaining) classpath:features/payments/payment.feature
Karate version: 1.4.1
======================================================
elapsed:  17.72 | threads:    1 | thread time: 16.42 
features:     4 | skipped:    4 | efficiency: 0.93
scenarios:   18 | passed:    17 | failed: 1
======================================================
>>> failed features:
status code was: 400, expected: 200, response time in milliseconds: 193, url: http://mpay-uat.okdollar.org/qr-pay/ri/v1/iso20022/callback, response: 
<FPEnvelope
        xmlns:head="urn:iso:std:iso:20022:tech:xsd:head.001.001.03"
        xmlns:pacs="urn:iso:std:iso:20022:tech:xsd:pacs.002.001.13">
    <head:AppHdr>
        <head:Fr>
            <head:FIId>
                <head:FinInstnId>
                    <head:Othr>
                        <head:Id>7008</head:Id>
                    </head:Othr>
                </head:FinInstnId>
            </head:FIId>
        </head:Fr>
        <head:To>
            <head:FIId>
                <head:FinInstnId>
                    <head:Othr>
                        <head:Id>7001</head:Id>
                    </head:Othr>
                </head:FinInstnId>
            </head:FIId>
        </head:To>
        <head:BizMsgIdr>17780606942475585653</head:BizMsgIdr>
        <head:MsgDefIdr>pacs.002.001.13</head:MsgDefIdr>
        <head:CreDt>2026-05-06T16:14:54+06:30</head:CreDt>
    </head:AppHdr>
    <pacs:Document>
        <pacs:FIToFIPmtStsRpt>
            <pacs:GrpHdr>
                <pacs:MsgId>17780606942472490299</pacs:MsgId>
                <pacs:CreDtTm>2026-05-06T16:14:54+06:30</pacs:CreDtTm>
                <pacs:InstgAgt>
                    <pacs:FinInstnId>
                        <pacs:Othr>
                            <pacs:Id>7008</pacs:Id>
                        </pacs:Othr>
                    </pacs:FinInstnId>
                </pacs:InstgAgt>
                <pacs:InstdAgt>
                    <pacs:FinInstnId>
                        <pacs:Othr>
                            <pacs:Id>7001</pacs:Id>
                        </pacs:Othr>
                    </pacs:FinInstnId>
                </pacs:InstdAgt>
            </pacs:GrpHdr>
            <pacs:TxInfAndSts>
                <pacs:OrgnlGrpInf>
                    <pacs:OrgnlMsgId>BizMsgIdr20260506161454</pacs:OrgnlMsgId>
                    <pacs:OrgnlMsgNmId>pacs.002.001.13</pacs:OrgnlMsgNmId>
                </pacs:OrgnlGrpInf>
                <pacs:OrgnlEndToEndId>EndToEndId20260506161451</pacs:OrgnlEndToEndId>
                <pacs:OrgnlTxId>EndToEndId20260506161451</pacs:OrgnlTxId>
                <pacs:TxSts>RJCT</pacs:TxSts>
                <pacs:StsRsnInf>
    <pacs:Orgtr>
        <pacs:Id>
            <pacs:OrgId>
                <pacs:Othr>
                    <pacs:Id>BIC</pacs:Id>
                </pacs:Othr>
            </pacs:OrgId>
        </pacs:Id>
    </pacs:Orgtr>
    <pacs:Rsn>
        <pacs:Prtry>MWIF</pacs:Prtry>
    </pacs:Rsn>
    <pacs:AddtlInf>cvc-minLength-valid: Value 'ACSC' with length = '4' is not facet-valid with respect to minLength '1' for type 'Max34Text'.cvc-type.3.1.3: The value 'ACSC' of element 'Document.FIToFIPmtStsRpt.TxInfAndSts.TxSts' is not valid.</pacs:AddtlInf>
</pacs:StsRsnInf>

                <pacs:AccptncDtTm>2026-05-06T16:14:54+06:30</pacs:AccptncDtTm>
                <pacs:ClrSysRef>EndToEndId20260506161451</pacs:ClrSysRef>
                <pacs:OrgnlTxRef>
                    <pacs:IntrBkSttlmAmt Ccy="MMK">102.00</pacs:IntrBkSttlmAmt>
                    <pacs:Amt>
                        <pacs:InstdAmt Ccy="MMK">102.00</pacs:InstdAmt>
                    </pacs:Amt>
                    <pacs:Dbtr>
                        <pacs:Pty>
                            <pacs:Nm> Sai Nwet</pacs:Nm>
                            <pacs:PstlAdr>
                                <pacs:AdrLine>N.A</pacs:AdrLine>
                            </pacs:PstlAdr>
                        </pacs:Pty>
                    </pacs:Dbtr>
                    <pacs:DbtrAcct>
                        <pacs:Id>
                            <pacs:Othr>
                                <pacs:Id>2234409999999326</pacs:Id>
                                <pacs:SchmeNm>
                                    <pacs:Prtry>TOKN</pacs:Prtry>
                                </pacs:SchmeNm>
                            </pacs:Othr>
                        </pacs:Id>
                    </pacs:DbtrAcct>
                    <pacs:Cdtr>
                        <pacs:Pty>
                            <pacs:Nm>BUSINESS MAGNET</pacs:Nm>
                        </pacs:Pty>
                    </pacs:Cdtr>
                    <pacs:CdtrAcct>
                        <pacs:Id>
                            <pacs:Othr>
                                <pacs:Id>2237036522955371342522</pacs:Id>
                                <pacs:SchmeNm>
                                    <pacs:Prtry>MRCT</pacs:Prtry>
                                </pacs:SchmeNm>
                            </pacs:Othr>
                        </pacs:Id>
                    </pacs:CdtrAcct>
                </pacs:OrgnlTxRef>
            </pacs:TxInfAndSts>
        </pacs:FIToFIPmtStsRpt>
    </pacs:Document>
</FPEnvelope>
classpath:features/payments/pacs2.feature:41
classpath:features/payments/payment.feature:17
<<<

HTML report: (paste into browser to view) | Karate version: 1.4.1
file:///Users/vignesh/Karate_MMQR/target/karate-reports/karate-summary.html
===================================================================

]]></system-out>
    <system-err><![CDATA[SLF4J: Class path contains multiple SLF4J providers.
SLF4J: Found provider [ch.qos.logback.classic.spi.LogbackServiceProvider@222545dc]
SLF4J: Found provider [org.slf4j.simple.SimpleServiceProvider@5c5eefef]
SLF4J: See https://www.slf4j.org/codes.html#multiple_bindings for an explanation.
SLF4J: Actual provider is of type [ch.qos.logback.classic.spi.LogbackServiceProvider@222545dc]
]]></system-err>
  </testcase>
</testsuite>