<?xml version="1.0" encoding="UTF-8"?>
<testsuite xmlns:xsi="http://www.w3.org/2001/XMLSchema-instance" xsi:noNamespaceSchemaLocation="https://maven.apache.org/surefire/maven-surefire-plugin/xsd/surefire-test-report-3.0.xsd" version="3.0" name="runners.PaymentRunner" time="15.327" tests="3" errors="0" skipped="0" failures="0">
  <properties>
[...]
</properties>
  <testcase name="runRegression" classname="runners.PaymentRunner" time="0.848">
    <system-out><![CDATA[21:51:29.284 [main] INFO  com.intuit.karate.Suite - backed up existing 'target/karate-reports' dir to: target/karate-reports_1777998089283
Karate version: 1.4.1
======================================================
elapsed:   0.56 | threads:    3 | thread time: 0.00 
features:     0 | skipped:    3 | efficiency: 0.00
scenarios:    0 | passed:     0 | failed: 0
======================================================

HTML report: (paste into browser to view) | Karate version: 1.4.1
file:///Users/vignesh/Karate_MMQR/target/karate-reports/karate-summary.html
===================================================================

]]></system-out>
    <system-err><![CDATA[SLF4J: Class path contains multiple SLF4J providers.
SLF4J: Found provider [ch.qos.logback.classic.spi.LogbackServiceProvider@359f7cdf]
SLF4J: Found provider [org.slf4j.simple.SimpleServiceProvider@1fa268de]
SLF4J: See https://www.slf4j.org/codes.html#multiple_bindings for an explanation.
SLF4J: Actual provider is of type [ch.qos.logback.classic.spi.LogbackServiceProvider@359f7cdf]
]]></system-err>
  </testcase>
  <testcase name="runAllPayments" classname="runners.PaymentRunner" time="14.389">
    <system-out><![CDATA[21:51:29.803 [main] INFO  com.intuit.karate.Suite - backed up existing 'target/karate-reports' dir to: target/karate-reports_1777998089802
21:51:29.821 [main] INFO  com.intuit.karate - Base URL: http://mpay-uat.okdollar.org 
21:51:29.873 [main] INFO  com.intuit.karate - [print] currentTimestamp = 2026-05-05T22:51:29+06:30 
21:51:29.874 [main] INFO  com.intuit.karate - [print] endToEndId = EndToEndId20260505225129 
21:51:29.910 [main] INFO  com.intuit.karate - [print] [PACS 8] endToEndId = EndToEndId20260505225129 
21:51:29.910 [main] INFO  com.intuit.karate - [print] [PACS 8] currentTimestamp = 2026-05-05T22:51:29+06:30 
21:51:30.625 [main] INFO  com.intuit.karate - [print] [PACS 8] HTTP 200 | TxSts = ACSC 
21:51:30.629 [main] INFO  com.intuit.karate - [print] [PACS 8] response written to target/karate-logs/responses/pacs8_RI_EndToEndId20260505225129.xml 
21:51:32.670 [main] INFO  com.intuit.karate - [print] currentTimestamp = 2026-05-05T22:51:32+06:30 
21:51:32.670 [main] INFO  com.intuit.karate - [print] bizMsgIdr = BizMsgIdr20260505225132 
21:51:34.139 [main] INFO  com.intuit.karate - [print] [PACS 2] HTTP 200 | TxSts = ACSC 
21:51:34.143 [main] INFO  com.intuit.karate - [print] [PACS 2] response written to target/karate-logs/responses/pacs2_RI_BizMsgIdr20260505225132.xml 
21:51:34.145 [main] INFO  com.intuit.karate - [print] [RI] PACS 8 = 200 ACSC | PACS 2 = 200 ACSC 
21:51:34.150 [main] INFO  com.intuit.karate - Base URL: http://mpay-uat.okdollar.org 
21:51:34.163 [main] INFO  com.intuit.karate - [print] currentTimestamp = 2026-05-05T22:51:34+06:30 
21:51:34.163 [main] INFO  com.intuit.karate - [print] endToEndId = EndToEndId20260505225134 
21:51:34.167 [main] INFO  com.intuit.karate - [print] [PACS 8] endToEndId = EndToEndId20260505225134 
21:51:34.167 [main] INFO  com.intuit.karate - [print] [PACS 8] currentTimestamp = 2026-05-05T22:51:34+06:30 
21:51:34.654 [main] INFO  com.intuit.karate - [print] [PACS 8] HTTP 200 | TxSts = ACSC 
21:51:34.658 [main] INFO  com.intuit.karate - [print] [PACS 8] response written to target/karate-logs/responses/pacs8_EZYNK_EndToEndId20260505225134.xml 
21:51:36.690 [main] INFO  com.intuit.karate - [print] currentTimestamp = 2026-05-05T22:51:36+06:30 
21:51:36.690 [main] INFO  com.intuit.karate - [print] bizMsgIdr = BizMsgIdr20260505225136 
21:51:37.045 [main] INFO  com.intuit.karate - [print] [PACS 2] HTTP 200 | TxSts = ACSC 
21:51:37.049 [main] INFO  com.intuit.karate - [print] [PACS 2] response written to target/karate-logs/responses/pacs2_EZYNK_BizMsgIdr20260505225136.xml 
21:51:37.050 [main] INFO  com.intuit.karate - [print] [EZYNK] PACS 8 = 200 ACSC | PACS 2 = 200 ACSC 
21:51:37.055 [main] INFO  com.intuit.karate - Base URL: http://mpay-uat.okdollar.org 
21:51:37.066 [main] INFO  com.intuit.karate - [print] currentTimestamp = 2026-05-05T22:51:37+06:30 
21:51:37.066 [main] INFO  com.intuit.karate - [print] endToEndId = EndToEndId20260505225137 
21:51:37.070 [main] INFO  com.intuit.karate - [print] [PACS 8] endToEndId = EndToEndId20260505225137 
21:51:37.070 [main] INFO  com.intuit.karate - [print] [PACS 8] currentTimestamp = 2026-05-05T22:51:37+06:30 
21:51:37.644 [main] INFO  com.intuit.karate - [print] [PACS 8] HTTP 200 | TxSts = ACSC 
21:51:37.647 [main] INFO  com.intuit.karate - [print] [PACS 8] response written to target/karate-logs/responses/pacs8_STARTHING_EndToEndId20260505225137.xml 
21:51:39.670 [main] INFO  com.intuit.karate - [print] currentTimestamp = 2026-05-05T22:51:39+06:30 
21:51:39.671 [main] INFO  com.intuit.karate - [print] bizMsgIdr = BizMsgIdr20260505225139 
21:51:40.067 [main] INFO  com.intuit.karate - [print] [PACS 2] HTTP 200 | TxSts = ACSC 
21:51:40.071 [main] INFO  com.intuit.karate - [print] [PACS 2] response written to target/karate-logs/responses/pacs2_STARTHING_BizMsgIdr20260505225139.xml 
21:51:40.072 [main] INFO  com.intuit.karate - [print] [STARTHING] PACS 8 = 200 ACSC | PACS 2 = 200 ACSC 
21:51:40.076 [main] INFO  com.intuit.karate - Base URL: http://mpay-uat.okdollar.org 
21:51:40.086 [main] INFO  com.intuit.karate - [print] currentTimestamp = 2026-05-05T22:51:40+06:30 
21:51:40.086 [main] INFO  com.intuit.karate - [print] endToEndId = EndToEndId20260505225140 
21:51:40.090 [main] INFO  com.intuit.karate - [print] [PACS 8] endToEndId = EndToEndId20260505225140 
21:51:40.090 [main] INFO  com.intuit.karate - [print] [PACS 8] currentTimestamp = 2026-05-05T22:51:40+06:30 
21:51:40.632 [main] INFO  com.intuit.karate - [print] [PACS 8] HTTP 200 | TxSts = ACSC 
21:51:40.634 [main] INFO  com.intuit.karate - [print] [PACS 8] response written to target/karate-logs/responses/pacs8_OSM_EndToEndId20260505225140.xml 
21:51:42.664 [main] INFO  com.intuit.karate - [print] currentTimestamp = 2026-05-05T22:51:42+06:30 
21:51:42.665 [main] INFO  com.intuit.karate - [print] bizMsgIdr = BizMsgIdr20260505225142 
21:51:43.847 [main] INFO  com.intuit.karate - [print] [PACS 2] HTTP 200 | TxSts = ACSC 
21:51:43.850 [main] INFO  com.intuit.karate - [print] [PACS 2] response written to target/karate-logs/responses/pacs2_OSM_BizMsgIdr20260505225142.xml 
21:51:43.851 [main] INFO  com.intuit.karate - [print] [OSM] PACS 8 = 200 ACSC | PACS 2 = 200 ACSC 
---------------------------------------------------------
feature: classpath:features/payments/payment.feature
scenarios:  4 | passed:  4 | failed:  0 | time: 14.0045
---------------------------------------------------------

21:51:44.141 [main] INFO  com.intuit.karate.Suite - <<pass>> feature 1 of 1 (0 remaining) classpath:features/payments/payment.feature
Karate version: 1.4.1
======================================================
elapsed:  14.34 | threads:    1 | thread time: 14.01 
features:     1 | skipped:    0 | efficiency: 0.98
scenarios:    4 | passed:     4 | failed: 0
======================================================

HTML report: (paste into browser to view) | Karate version: 1.4.1
file:///Users/vignesh/Karate_MMQR/target/karate-reports/karate-summary.html
===================================================================

]]></system-out>
  </testcase>
  <testcase name="runSmoke" classname="runners.PaymentRunner" time="0.085">
    <system-out><![CDATA[21:51:44.243 [main] INFO  com.intuit.karate.Suite - backed up existing 'target/karate-reports' dir to: target/karate-reports_1777998104243
Karate version: 1.4.1
======================================================
elapsed:   0.06 | threads:    2 | thread time: 0.00 
features:     0 | skipped:    3 | efficiency: 0.00
scenarios:    0 | passed:     0 | failed: 0
======================================================

HTML report: (paste into browser to view) | Karate version: 1.4.1
file:///Users/vignesh/Karate_MMQR/target/karate-reports/karate-summary.html
===================================================================

]]></system-out>
  </testcase>
</testsuite>