<?xml version="1.0" encoding="UTF-8"?>
<testsuite xmlns:xsi="http://www.w3.org/2001/XMLSchema-instance" xsi:noNamespaceSchemaLocation="https://maven.apache.org/surefire/maven-surefire-plugin/xsd/surefire-test-report-3.0.xsd" version="3.0" name="CustomerGetAPITest" time="1.925" tests="5" errors="0" skipped="0" failures="0">
  <properties>
[...]
</properties>
  <testcase name="[1:6] Verify API returns 200 status" classname="features/CustomerGetAPI" time="0.599">
    <system-err><![CDATA[SLF4J: Class path contains multiple SLF4J providers.
SLF4J: Found provider [ch.qos.logback.classic.spi.LogbackServiceProvider@1aa7ecca]
SLF4J: Found provider [org.slf4j.simple.SimpleServiceProvider@59309333]
SLF4J: See https://www.slf4j.org/codes.html#multiple_bindings for an explanation.
SLF4J: Actual provider is of type [ch.qos.logback.classic.spi.LogbackServiceProvider@1aa7ecca]
]]></system-err>
  </testcase>
  <testcase name="[2:16] Mobile number belongs to an ACTIVE account" classname="features/CustomerGetAPI" time="0.206"/>
  <testcase name="[3:50] Mobile number belongs to an IN_ACTIVE account" classname="features/CustomerGetAPI" time="0.165"/>
  <testcase name="[4:88] Mobile number does not exist in system" classname="features/CustomerGetAPI" time="0.165"/>
  <testcase name="[5:105] No mobile number passed in path" classname="features/CustomerGetAPI" time="0.504">
    <system-out><![CDATA[---------------------------------------------------------
feature: classpath:features/CustomerGetAPI.feature
scenarios:  5 | passed:  5 | failed:  0 | time: 0.9824
---------------------------------------------------------

Karate version: 1.4.1
======================================================
elapsed:   1.77 | threads:    1 | thread time: 0.98 
features:     1 | skipped:    0 | efficiency: 0.56
scenarios:    5 | passed:     5 | failed: 0
======================================================

HTML report: (paste into browser to view) | Karate version: 1.4.1
file:///Users/vignesh/Karate_MMQR/target/karate-reports/karate-summary.html
===================================================================

]]></system-out>
  </testcase>
</testsuite>